[2021-08-07 15:12:54.482] [exthost] [info] extension host started
[2021-08-07 15:12:54.489] [exthost] [info] Lock '/root/.vscode-server/data/User/workspaceStorage/60c04a6c2ac63319bb07184da4726e3c/vscode.lock': Lock acquired.
[2021-08-07 15:12:54.531] [exthost] [info] ExtensionService#_doActivateExtension vscode.debug-auto-launch {"startup":true,"extensionId":{"value":"vscode.debug-auto-launch","_lower":"vscode.debug-auto-launch"},"activationEvent":"*"}
[2021-08-07 15:12:54.531] [exthost] [info] ExtensionService#loadCommonJSModule file:///root/.vscode-server/bin/c3f126316369cd610563c75b1b1725e0679adfb3/extensions/debug-auto-launch/dist/extension
[2021-08-07 15:12:54.535] [exthost] [info] ExtensionService#_doActivateExtension vscode.git {"startup":true,"extensionId":{"value":"vscode.github","_lower":"vscode.github"},"activationEvent":"*"}
[2021-08-07 15:12:54.535] [exthost] [info] ExtensionService#loadCommonJSModule file:///root/.vscode-server/bin/c3f126316369cd610563c75b1b1725e0679adfb3/extensions/git/dist/main
[2021-08-07 15:12:54.672] [exthost] [info] ExtensionService#_doActivateExtension vscode.github {"startup":true,"extensionId":{"value":"vscode.github","_lower":"vscode.github"},"activationEvent":"*"}
[2021-08-07 15:12:54.672] [exthost] [info] ExtensionService#loadCommonJSModule file:///root/.vscode-server/bin/c3f126316369cd610563c75b1b1725e0679adfb3/extensions/github/dist/extension.js
[2021-08-07 15:12:54.753] [exthost] [info] ExtensionService#_doActivateExtension vscode.emmet {"startup":false,"extensionId":{"value":"vscode.emmet","_lower":"vscode.emmet"},"activationEvent":"onStartupFinished"}
[2021-08-07 15:12:54.753] [exthost] [info] ExtensionService#loadCommonJSModule file:///root/.vscode-server/bin/c3f126316369cd610563c75b1b1725e0679adfb3/extensions/emmet/dist/node/emmetNodeMain
[2021-08-07 15:12:54.763] [exthost] [info] ExtensionService#_doActivateExtension vscode.merge-conflict {"startup":false,"extensionId":{"value":"vscode.merge-conflict","_lower":"vscode.merge-conflict"},"activationEvent":"onStartupFinished"}
[2021-08-07 15:12:54.763] [exthost] [info] ExtensionService#loadCommonJSModule file:///root/.vscode-server/bin/c3f126316369cd610563c75b1b1725e0679adfb3/extensions/merge-conflict/dist/mergeConflictMain
[2021-08-07 15:12:54.765] [exthost] [info] ExtensionService#_doActivateExtension vscode.testing-editor-contributions {"startup":false,"extensionId":{"value":"vscode.testing-editor-contributions","_lower":"vscode.testing-editor-contributions"},"activationEvent":"onStartupFinished"}
[2021-08-07 15:12:54.766] [exthost] [info] ExtensionService#loadCommonJSModule file:///root/.vscode-server/bin/c3f126316369cd610563c75b1b1725e0679adfb3/extensions/testing-editor-contributions/dist/extension.js
[2021-08-07 15:12:54.766] [exthost] [info] eager extensions activated
[2021-08-07 15:12:54.775] [exthost] [info] ExtensionService#_doActivateExtension ms-vscode.js-debug {"startup":false,"extensionId":{"value":"ms-vscode.js-debug","_lower":"ms-vscode.js-debug"},"activationEvent":"onCommand:extension.js-debug.clearAutoAttachVariables"}
[2021-08-07 15:12:54.775] [exthost] [info] ExtensionService#loadCommonJSModule file:///root/.vscode-server/bin/c3f126316369cd610563c75b1b1725e0679adfb3/extensions/ms-vscode.js-debug/src/extension.js
[2021-08-07 15:15:08.114] [exthost] [info] ExtensionService#_doActivateExtension vscode.html-language-features {"startup":false,"extensionId":{"value":"vscode.html-language-features","_lower":"vscode.html-language-features"},"activationEvent":"onLanguage:html"}
[2021-08-07 15:15:08.114] [exthost] [info] ExtensionService#loadCommonJSModule file:///root/.vscode-server/bin/c3f126316369cd610563c75b1b1725e0679adfb3/extensions/html-language-features/client/dist/node/htmlClientMain
[2021-08-07 15:26:45.265] [exthost] [error] [vscode.html-language-features] provider FAILED
[2021-08-07 15:26:45.266] [exthost] [error] Canceled: Canceled
	at b.makeCancelError (/root/.vscode-server/bin/c3f126316369cd610563c75b1b1725e0679adfb3/extensions/html-language-features/client/dist/node/htmlClientMain.js:1:64460)
	at b.handleFailedRequest (/root/.vscode-server/bin/c3f126316369cd610563c75b1b1725e0679adfb3/extensions/html-language-features/client/dist/node/htmlClientMain.js:1:64311)
	at /root/.vscode-server/bin/c3f126316369cd610563c75b1b1725e0679adfb3/extensions/html-language-features/client/dist/node/htmlClientMain.js:1:24653
[2021-08-07 17:30:00.034] [exthost] [info] extension host terminating: renderer disconnected for too long (2)
[2021-08-07 17:30:00.034] [exthost] [info] Lock '/root/.vscode-server/data/User/workspaceStorage/60c04a6c2ac63319bb07184da4726e3c/vscode.lock': Marking the lockfile as scheduled to be released in 6000 ms.
[2021-08-07 17:30:01.045] [exthost] [info] exiting with code 0
