[2021-08-07 17:25:00.984] [exthost] [info] extension host started
[2021-08-07 17:25:00.986] [exthost] [error] Error: EEXIST: file already exists, open '/root/.vscode-server/data/User/workspaceStorage/60c04a6c2ac63319bb07184da4726e3c/vscode.lock'
[2021-08-07 17:25:00.991] [exthost] [info] Lock '/root/.vscode-server/data/User/workspaceStorage/60c04a6c2ac63319bb07184da4726e3c/vscode.lock': Could not acquire lock, checking if the file is stale.
[2021-08-07 17:25:00.991] [exthost] [info] Lock '/root/.vscode-server/data/User/workspaceStorage/60c04a6c2ac63319bb07184da4726e3c/vscode.lock': The lock does not look stale, elapsed: 622 ms, giving up.
[2021-08-07 17:25:00.992] [exthost] [info] Lock '/root/.vscode-server/data/User/workspaceStorage/60c04a6c2ac63319bb07184da4726e3c-1/vscode.lock': Lock acquired.
[2021-08-07 17:25:01.188] [exthost] [info] ExtensionService#_doActivateExtension vscode.emmet {"startup":false,"extensionId":{"value":"vscode.emmet","_lower":"vscode.emmet"},"activationEvent":"onLanguage:html"}
[2021-08-07 17:25:01.188] [exthost] [info] ExtensionService#loadCommonJSModule file:///root/.vscode-server/bin/c3f126316369cd610563c75b1b1725e0679adfb3/extensions/emmet/dist/node/emmetNodeMain
[2021-08-07 17:25:01.202] [exthost] [info] ExtensionService#_doActivateExtension vscode.html-language-features {"startup":false,"extensionId":{"value":"vscode.html-language-features","_lower":"vscode.html-language-features"},"activationEvent":"onLanguage:html"}
[2021-08-07 17:25:01.202] [exthost] [info] ExtensionService#loadCommonJSModule file:///root/.vscode-server/bin/c3f126316369cd610563c75b1b1725e0679adfb3/extensions/html-language-features/client/dist/node/htmlClientMain
[2021-08-07 17:25:01.239] [exthost] [info] ExtensionService#_doActivateExtension vscode.debug-auto-launch {"startup":true,"extensionId":{"value":"vscode.debug-auto-launch","_lower":"vscode.debug-auto-launch"},"activationEvent":"*"}
[2021-08-07 17:25:01.239] [exthost] [info] ExtensionService#loadCommonJSModule file:///root/.vscode-server/bin/c3f126316369cd610563c75b1b1725e0679adfb3/extensions/debug-auto-launch/dist/extension
[2021-08-07 17:25:01.242] [exthost] [info] ExtensionService#_doActivateExtension vscode.git {"startup":true,"extensionId":{"value":"vscode.github","_lower":"vscode.github"},"activationEvent":"*"}
[2021-08-07 17:25:01.242] [exthost] [info] ExtensionService#loadCommonJSModule file:///root/.vscode-server/bin/c3f126316369cd610563c75b1b1725e0679adfb3/extensions/git/dist/main
[2021-08-07 17:25:01.528] [exthost] [info] ExtensionService#_doActivateExtension vscode.github {"startup":true,"extensionId":{"value":"vscode.github","_lower":"vscode.github"},"activationEvent":"*"}
[2021-08-07 17:25:01.528] [exthost] [info] ExtensionService#loadCommonJSModule file:///root/.vscode-server/bin/c3f126316369cd610563c75b1b1725e0679adfb3/extensions/github/dist/extension.js
[2021-08-07 17:25:01.626] [exthost] [info] ExtensionService#_doActivateExtension vscode.merge-conflict {"startup":false,"extensionId":{"value":"vscode.merge-conflict","_lower":"vscode.merge-conflict"},"activationEvent":"onStartupFinished"}
[2021-08-07 17:25:01.626] [exthost] [info] ExtensionService#loadCommonJSModule file:///root/.vscode-server/bin/c3f126316369cd610563c75b1b1725e0679adfb3/extensions/merge-conflict/dist/mergeConflictMain
[2021-08-07 17:25:01.630] [exthost] [info] ExtensionService#_doActivateExtension vscode.testing-editor-contributions {"startup":false,"extensionId":{"value":"vscode.testing-editor-contributions","_lower":"vscode.testing-editor-contributions"},"activationEvent":"onStartupFinished"}
[2021-08-07 17:25:01.630] [exthost] [info] ExtensionService#loadCommonJSModule file:///root/.vscode-server/bin/c3f126316369cd610563c75b1b1725e0679adfb3/extensions/testing-editor-contributions/dist/extension.js
[2021-08-07 17:25:01.631] [exthost] [info] eager extensions activated
[2021-08-07 17:25:01.667] [exthost] [info] ExtensionService#_doActivateExtension ms-vscode.js-debug {"startup":false,"extensionId":{"value":"ms-vscode.js-debug","_lower":"ms-vscode.js-debug"},"activationEvent":"onCommand:extension.js-debug.clearAutoAttachVariables"}
[2021-08-07 17:25:01.667] [exthost] [info] ExtensionService#loadCommonJSModule file:///root/.vscode-server/bin/c3f126316369cd610563c75b1b1725e0679adfb3/extensions/ms-vscode.js-debug/src/extension.js
[2021-08-07 20:44:06.284] [exthost] [info] extension host terminating: renderer disconnected for too long (1)
[2021-08-07 20:44:06.284] [exthost] [info] Lock '/root/.vscode-server/data/User/workspaceStorage/60c04a6c2ac63319bb07184da4726e3c-1/vscode.lock': Marking the lockfile as scheduled to be released in 6000 ms.
[2021-08-07 20:44:07.290] [exthost] [info] exiting with code 0
